<?xml version="1.0" encoding="UTF-8"?>
<robot generator="Robot 3.2 (Python 3.6.3 on win32)" generated="20210203 16:54:26.733" rpa="false">
<suite id="s1" name="Demo Factorial" source="D:\demo_factorial">
<suite id="s1-s1" name="Factorial Api Suite" source="D:\demo_factorial\factorial_api_suite.robot">
<test id="s1-s1-t1" name="Calculate Factorial of integer cero">
<kw name="Calculate Factorial of integer using API">
<arguments>
<arg>0</arg>
<arg>1</arg>
<arg>200</arg>
</arguments>
<kw name="Request API Calculate the Factorial of">
<arguments>
<arg>${number}</arg>
<arg>${expected_result}</arg>
<arg>${expected_status_code}</arg>
</arguments>
<kw name="Request Factorial Api" library="factorial_api">
<arguments>
<arg>${number}</arg>
<arg>${expected_result}</arg>
<arg>${expected_status_code}</arg>
</arguments>
<msg timestamp="20210203 16:54:31.867" level="INFO">{'answer': 1}</msg>
<status status="PASS" starttime="20210203 16:54:31.335" endtime="20210203 16:54:31.867"></status>
</kw>
<status status="PASS" starttime="20210203 16:54:31.334" endtime="20210203 16:54:31.867"></status>
</kw>
<status status="PASS" starttime="20210203 16:54:31.333" endtime="20210203 16:54:31.867"></status>
</kw>
<status status="PASS" starttime="20210203 16:54:31.333" endtime="20210203 16:54:31.868" critical="yes"></status>
</test>
<test id="s1-s1-t2" name="Calculate Factorial of integer One">
<kw name="Calculate Factorial of integer using API">
<arguments>
<arg>1</arg>
<arg>1</arg>
<arg>200</arg>
</arguments>
<kw name="Request API Calculate the Factorial of">
<arguments>
<arg>${number}</arg>
<arg>${expected_result}</arg>
<arg>${expected_status_code}</arg>
</arguments>
<kw name="Request Factorial Api" library="factorial_api">
<arguments>
<arg>${number}</arg>
<arg>${expected_result}</arg>
<arg>${expected_status_code}</arg>
</arguments>
<msg timestamp="20210203 16:54:32.234" level="INFO">{'answer': 1}</msg>
<status status="PASS" starttime="20210203 16:54:31.870" endtime="20210203 16:54:32.234"></status>
</kw>
<status status="PASS" starttime="20210203 16:54:31.870" endtime="20210203 16:54:32.234"></status>
</kw>
<status status="PASS" starttime="20210203 16:54:31.869" endtime="20210203 16:54:32.234"></status>
</kw>
<status status="PASS" starttime="20210203 16:54:31.869" endtime="20210203 16:54:32.235" critical="yes"></status>
</test>
<test id="s1-s1-t3" name="Calculate Factorial of integer Six">
<kw name="Calculate Factorial of integer using API">
<arguments>
<arg>6</arg>
<arg>720</arg>
<arg>200</arg>
</arguments>
<kw name="Request API Calculate the Factorial of">
<arguments>
<arg>${number}</arg>
<arg>${expected_result}</arg>
<arg>${expected_status_code}</arg>
</arguments>
<kw name="Request Factorial Api" library="factorial_api">
<arguments>
<arg>${number}</arg>
<arg>${expected_result}</arg>
<arg>${expected_status_code}</arg>
</arguments>
<msg timestamp="20210203 16:54:32.589" level="INFO">{'answer': 720}</msg>
<status status="PASS" starttime="20210203 16:54:32.237" endtime="20210203 16:54:32.589"></status>
</kw>
<status status="PASS" starttime="20210203 16:54:32.237" endtime="20210203 16:54:32.590"></status>
</kw>
<status status="PASS" starttime="20210203 16:54:32.236" endtime="20210203 16:54:32.590"></status>
</kw>
<status status="PASS" starttime="20210203 16:54:32.236" endtime="20210203 16:54:32.590" critical="yes"></status>
</test>
<doc>Test Suite that cover factorial api</doc>
<status status="PASS" starttime="20210203 16:54:26.767" endtime="20210203 16:54:32.591"></status>
</suite>
<suite id="s1-s2" name="Factorial Calculator Suite" source="D:\demo_factorial\factorial_calculator_suite.robot">
<test id="s1-s2-t1" name="Calculate Factorial of integer cero">
<kw name="Calculate Factorial of integer">
<arguments>
<arg>0</arg>
<arg>The factorial of 0 is: 1</arg>
</arguments>
<kw name="Given User Navigates to Factorial Calculator Landing Page">
<kw name="Navigate To Factorial Calculator Site" library="factorial_calculator">
<status status="PASS" starttime="20210203 16:54:32.668" endtime="20210203 16:54:35.132"></status>
</kw>
<status status="PASS" starttime="20210203 16:54:32.668" endtime="20210203 16:54:35.132"></status>
</kw>
<kw name="When Calculate the Factorial of">
<arguments>
<arg>${number}</arg>
</arguments>
<kw name="Factorial Calculator Site" library="factorial_calculator">
<arguments>
<arg>${number}</arg>
</arguments>
<status status="PASS" starttime="20210203 16:54:35.132" endtime="20210203 16:54:35.317"></status>
</kw>
<status status="PASS" starttime="20210203 16:54:35.132" endtime="20210203 16:54:35.317"></status>
</kw>
<kw name="Then Verify Factorial result message returned">
<arguments>
<arg>${number}</arg>
<arg>${result_message}</arg>
</arguments>
<kw name="Get Result Message" library="factorial_calculator">
<arguments>
<arg>${expected_result}</arg>
</arguments>
<assign>
<var>${actual_result}</var>
</assign>
<msg timestamp="20210203 16:54:35.925" level="INFO">${actual_result} = The factorial of 0 is: 1</msg>
<status status="PASS" starttime="20210203 16:54:35.318" endtime="20210203 16:54:35.925"></status>
</kw>
<kw name="Should Be Equal" library="BuiltIn">
<doc>Fails if the given objects are unequal.</doc>
<arguments>
<arg>${actual_result}</arg>
<arg>${expected_result}</arg>
<arg>msg=Expected Result message is not the same to: Please enter a valid integer</arg>
</arguments>
<status status="PASS" starttime="20210203 16:54:35.925" endtime="20210203 16:54:35.925"></status>
</kw>
<status status="PASS" starttime="20210203 16:54:35.317" endtime="20210203 16:54:35.925"></status>
</kw>
<status status="PASS" starttime="20210203 16:54:32.667" endtime="20210203 16:54:35.925"></status>
</kw>
<status status="PASS" starttime="20210203 16:54:32.666" endtime="20210203 16:54:35.925" critical="yes"></status>
</test>
<test id="s1-s2-t2" name="Calculate Factorial of valid integer one">
<kw name="Calculate Factorial of integer">
<arguments>
<arg>1</arg>
<arg>The factorial of 1 is: 1</arg>
</arguments>
<kw name="Given User Navigates to Factorial Calculator Landing Page">
<kw name="Navigate To Factorial Calculator Site" library="factorial_calculator">
<status status="PASS" starttime="20210203 16:54:35.928" endtime="20210203 16:54:36.154"></status>
</kw>
<status status="PASS" starttime="20210203 16:54:35.927" endtime="20210203 16:54:36.154"></status>
</kw>
<kw name="When Calculate the Factorial of">
<arguments>
<arg>${number}</arg>
</arguments>
<kw name="Factorial Calculator Site" library="factorial_calculator">
<arguments>
<arg>${number}</arg>
</arguments>
<status status="PASS" starttime="20210203 16:54:36.154" endtime="20210203 16:54:36.304"></status>
</kw>
<status status="PASS" starttime="20210203 16:54:36.154" endtime="20210203 16:54:36.304"></status>
</kw>
<kw name="Then Verify Factorial result message returned">
<arguments>
<arg>${number}</arg>
<arg>${result_message}</arg>
</arguments>
<kw name="Get Result Message" library="factorial_calculator">
<arguments>
<arg>${expected_result}</arg>
</arguments>
<assign>
<var>${actual_result}</var>
</assign>
<msg timestamp="20210203 16:54:36.895" level="INFO">${actual_result} = The factorial of 1 is: 1</msg>
<status status="PASS" starttime="20210203 16:54:36.304" endtime="20210203 16:54:36.895"></status>
</kw>
<kw name="Should Be Equal" library="BuiltIn">
<doc>Fails if the given objects are unequal.</doc>
<arguments>
<arg>${actual_result}</arg>
<arg>${expected_result}</arg>
<arg>msg=Expected Result message is not the same to: Please enter a valid integer</arg>
</arguments>
<status status="PASS" starttime="20210203 16:54:36.895" endtime="20210203 16:54:36.895"></status>
</kw>
<status status="PASS" starttime="20210203 16:54:36.304" endtime="20210203 16:54:36.895"></status>
</kw>
<status status="PASS" starttime="20210203 16:54:35.927" endtime="20210203 16:54:36.895"></status>
</kw>
<status status="PASS" starttime="20210203 16:54:35.927" endtime="20210203 16:54:36.896" critical="yes"></status>
</test>
<test id="s1-s2-t3" name="Calculate Factorial of valid integer six">
<kw name="Calculate Factorial of integer">
<arguments>
<arg>6</arg>
<arg>The factorial of 6 is: 720</arg>
</arguments>
<kw name="Given User Navigates to Factorial Calculator Landing Page">
<kw name="Navigate To Factorial Calculator Site" library="factorial_calculator">
<status status="PASS" starttime="20210203 16:54:36.899" endtime="20210203 16:54:37.108"></status>
</kw>
<status status="PASS" starttime="20210203 16:54:36.898" endtime="20210203 16:54:37.108"></status>
</kw>
<kw name="When Calculate the Factorial of">
<arguments>
<arg>${number}</arg>
</arguments>
<kw name="Factorial Calculator Site" library="factorial_calculator">
<arguments>
<arg>${number}</arg>
</arguments>
<status status="PASS" starttime="20210203 16:54:37.109" endtime="20210203 16:54:37.286"></status>
</kw>
<status status="PASS" starttime="20210203 16:54:37.108" endtime="20210203 16:54:37.286"></status>
</kw>
<kw name="Then Verify Factorial result message returned">
<arguments>
<arg>${number}</arg>
<arg>${result_message}</arg>
</arguments>
<kw name="Get Result Message" library="factorial_calculator">
<arguments>
<arg>${expected_result}</arg>
</arguments>
<assign>
<var>${actual_result}</var>
</assign>
<msg timestamp="20210203 16:54:37.879" level="INFO">${actual_result} = The factorial of 6 is: 720</msg>
<status status="PASS" starttime="20210203 16:54:37.286" endtime="20210203 16:54:37.879"></status>
</kw>
<kw name="Should Be Equal" library="BuiltIn">
<doc>Fails if the given objects are unequal.</doc>
<arguments>
<arg>${actual_result}</arg>
<arg>${expected_result}</arg>
<arg>msg=Expected Result message is not the same to: Please enter a valid integer</arg>
</arguments>
<status status="PASS" starttime="20210203 16:54:37.879" endtime="20210203 16:54:37.879"></status>
</kw>
<status status="PASS" starttime="20210203 16:54:37.286" endtime="20210203 16:54:37.879"></status>
</kw>
<status status="PASS" starttime="20210203 16:54:36.898" endtime="20210203 16:54:37.879"></status>
</kw>
<status status="PASS" starttime="20210203 16:54:36.897" endtime="20210203 16:54:37.880" critical="yes"></status>
</test>
<test id="s1-s2-t4" name="Verify that error is returned when set char instead of integer">
<kw name="Calculate Factorial of integer">
<arguments>
<arg>s</arg>
<arg>Please enter an integer</arg>
</arguments>
<kw name="Given User Navigates to Factorial Calculator Landing Page">
<kw name="Navigate To Factorial Calculator Site" library="factorial_calculator">
<status status="PASS" starttime="20210203 16:54:37.882" endtime="20210203 16:54:38.296"></status>
</kw>
<status status="PASS" starttime="20210203 16:54:37.882" endtime="20210203 16:54:38.296"></status>
</kw>
<kw name="When Calculate the Factorial of">
<arguments>
<arg>${number}</arg>
</arguments>
<kw name="Factorial Calculator Site" library="factorial_calculator">
<arguments>
<arg>${number}</arg>
</arguments>
<status status="PASS" starttime="20210203 16:54:38.297" endtime="20210203 16:54:38.461"></status>
</kw>
<status status="PASS" starttime="20210203 16:54:38.296" endtime="20210203 16:54:38.461"></status>
</kw>
<kw name="Then Verify Factorial result message returned">
<arguments>
<arg>${number}</arg>
<arg>${result_message}</arg>
</arguments>
<kw name="Get Result Message" library="factorial_calculator">
<arguments>
<arg>${expected_result}</arg>
</arguments>
<assign>
<var>${actual_result}</var>
</assign>
<msg timestamp="20210203 16:54:38.538" level="INFO">${actual_result} = Please enter an integer</msg>
<status status="PASS" starttime="20210203 16:54:38.462" endtime="20210203 16:54:38.538"></status>
</kw>
<kw name="Should Be Equal" library="BuiltIn">
<doc>Fails if the given objects are unequal.</doc>
<arguments>
<arg>${actual_result}</arg>
<arg>${expected_result}</arg>
<arg>msg=Expected Result message is not the same to: Please enter a valid integer</arg>
</arguments>
<status status="PASS" starttime="20210203 16:54:38.538" endtime="20210203 16:54:38.539"></status>
</kw>
<status status="PASS" starttime="20210203 16:54:38.461" endtime="20210203 16:54:38.539"></status>
</kw>
<status status="PASS" starttime="20210203 16:54:37.882" endtime="20210203 16:54:38.539"></status>
</kw>
<status status="PASS" starttime="20210203 16:54:37.881" endtime="20210203 16:54:38.540" critical="yes"></status>
</test>
<test id="s1-s2-t5" name="Calculate Factorial of integer 170">
<kw name="Calculate Factorial of integer">
<arguments>
<arg>170</arg>
<arg>The factorial of 170 is: 7.257415615307999e+306</arg>
</arguments>
<kw name="Given User Navigates to Factorial Calculator Landing Page">
<kw name="Navigate To Factorial Calculator Site" library="factorial_calculator">
<status status="PASS" starttime="20210203 16:54:38.542" endtime="20210203 16:54:38.761"></status>
</kw>
<status status="PASS" starttime="20210203 16:54:38.541" endtime="20210203 16:54:38.761"></status>
</kw>
<kw name="When Calculate the Factorial of">
<arguments>
<arg>${number}</arg>
</arguments>
<kw name="Factorial Calculator Site" library="factorial_calculator">
<arguments>
<arg>${number}</arg>
</arguments>
<status status="PASS" starttime="20210203 16:54:38.762" endtime="20210203 16:54:38.922"></status>
</kw>
<status status="PASS" starttime="20210203 16:54:38.761" endtime="20210203 16:54:38.922"></status>
</kw>
<kw name="Then Verify Factorial result message returned">
<arguments>
<arg>${number}</arg>
<arg>${result_message}</arg>
</arguments>
<kw name="Get Result Message" library="factorial_calculator">
<arguments>
<arg>${expected_result}</arg>
</arguments>
<assign>
<var>${actual_result}</var>
</assign>
<msg timestamp="20210203 16:54:39.512" level="INFO">${actual_result} = The factorial of 170 is: 7.257415615307999e+306</msg>
<status status="PASS" starttime="20210203 16:54:38.922" endtime="20210203 16:54:39.512"></status>
</kw>
<kw name="Should Be Equal" library="BuiltIn">
<doc>Fails if the given objects are unequal.</doc>
<arguments>
<arg>${actual_result}</arg>
<arg>${expected_result}</arg>
<arg>msg=Expected Result message is not the same to: Please enter a valid integer</arg>
</arguments>
<status status="PASS" starttime="20210203 16:54:39.512" endtime="20210203 16:54:39.513"></status>
</kw>
<status status="PASS" starttime="20210203 16:54:38.922" endtime="20210203 16:54:39.513"></status>
</kw>
<status status="PASS" starttime="20210203 16:54:38.541" endtime="20210203 16:54:39.513"></status>
</kw>
<status status="PASS" starttime="20210203 16:54:38.541" endtime="20210203 16:54:39.513" critical="yes"></status>
</test>
<test id="s1-s2-t6" name="Calculate Factorial of negative integer">
<kw name="Calculate Factorial of integer">
<arguments>
<arg>-1</arg>
<arg>Please enter a valid integer</arg>
</arguments>
<kw name="Given User Navigates to Factorial Calculator Landing Page">
<kw name="Navigate To Factorial Calculator Site" library="factorial_calculator">
<status status="PASS" starttime="20210203 16:54:39.515" endtime="20210203 16:54:39.763"></status>
</kw>
<status status="PASS" starttime="20210203 16:54:39.515" endtime="20210203 16:54:39.763"></status>
</kw>
<kw name="When Calculate the Factorial of">
<arguments>
<arg>${number}</arg>
</arguments>
<kw name="Factorial Calculator Site" library="factorial_calculator">
<arguments>
<arg>${number}</arg>
</arguments>
<status status="PASS" starttime="20210203 16:54:39.764" endtime="20210203 16:54:39.935"></status>
</kw>
<status status="PASS" starttime="20210203 16:54:39.763" endtime="20210203 16:54:39.935"></status>
</kw>
<kw name="Then Verify Factorial result message returned">
<arguments>
<arg>${number}</arg>
<arg>${result_message}</arg>
</arguments>
<kw name="Get Result Message" library="factorial_calculator">
<arguments>
<arg>${expected_result}</arg>
</arguments>
<assign>
<var>${actual_result}</var>
</assign>
<msg timestamp="20210203 16:54:50.361" level="FAIL">TimeoutException: Message: 
</msg>
<status status="FAIL" starttime="20210203 16:54:39.936" endtime="20210203 16:54:50.362"></status>
</kw>
<status status="FAIL" starttime="20210203 16:54:39.935" endtime="20210203 16:54:50.362"></status>
</kw>
<status status="FAIL" starttime="20210203 16:54:39.515" endtime="20210203 16:54:50.362"></status>
</kw>
<status status="FAIL" starttime="20210203 16:54:39.515" endtime="20210203 16:54:50.362" critical="yes">TimeoutException: Message: 
</status>
</test>
<kw name="Close Application" type="teardown">
<kw name="Close Browser" library="factorial_calculator">
<status status="PASS" starttime="20210203 16:54:50.364" endtime="20210203 16:54:50.402"></status>
</kw>
<status status="PASS" starttime="20210203 16:54:50.364" endtime="20210203 16:54:50.402"></status>
</kw>
<doc>Test Suite using Gherkin for Calculate Factorial site</doc>
<status status="FAIL" starttime="20210203 16:54:32.597" endtime="20210203 16:54:50.402"></status>
</suite>
<status status="FAIL" starttime="20210203 16:54:26.735" endtime="20210203 16:54:50.408"></status>
</suite>
<statistics>
<total>
<stat pass="8" fail="1">Critical Tests</stat>
<stat pass="8" fail="1">All Tests</stat>
</total>
<tag>
</tag>
<suite>
<stat pass="8" fail="1" id="s1" name="Demo Factorial">Demo Factorial</stat>
<stat pass="3" fail="0" id="s1-s1" name="Factorial Api Suite">Demo Factorial.Factorial Api Suite</stat>
<stat pass="5" fail="1" id="s1-s2" name="Factorial Calculator Suite">Demo Factorial.Factorial Calculator Suite</stat>
</suite>
</statistics>
<errors>
</errors>
</robot>
